<?xml version="1.0" encoding="UTF-8"?>
<testng-results skipped="0" failed="0" ignored="0" total="1" passed="1">
  <reporter-output>
  </reporter-output>
  <suite name="BDD Test Suite" duration-ms="199571" started-at="2020-10-11T00:38:53Z" finished-at="2020-10-11T00:42:12Z">
    <groups>
      <group name="cucumber">
        <method signature="TestRunner.feature(cucumber.api.testng.CucumberFeatureWrapper)[pri:0, instance:runner.TestRunner@239963d8]" name="feature" class="runner.TestRunner"/>
      </group> <!-- cucumber -->
    </groups>
    <test name="Test" duration-ms="199571" started-at="2020-10-11T00:38:53Z" finished-at="2020-10-11T00:42:12Z">
      <class name="runner.TestRunner">
        <test-method status="PASS" signature="setUpClass()[pri:0, instance:runner.TestRunner@239963d8]" name="setUpClass" is-config="true" duration-ms="361" started-at="2020-10-11T00:38:53Z" finished-at="2020-10-11T00:38:53Z">
          <reporter-output>
          </reporter-output>
        </test-method> <!-- setUpClass -->
        <test-method status="PASS" signature="feature(cucumber.api.testng.CucumberFeatureWrapper)[pri:0, instance:runner.TestRunner@239963d8]" name="feature" duration-ms="199053" started-at="2020-10-11T00:38:53Z" description="Runs Cucumber Feature" data-provider="features" finished-at="2020-10-11T00:42:12Z">
          <params>
            <param index="0">
              <value>
                <![CDATA[Search used cars listing in TMSandbox]]>
              </value>
            </param>
          </params>
          <reporter-output>
          </reporter-output>
        </test-method> <!-- feature -->
        <test-method status="PASS" signature="tearDownClass()[pri:0, instance:runner.TestRunner@239963d8]" name="tearDownClass" is-config="true" duration-ms="19" started-at="2020-10-11T00:42:12Z" finished-at="2020-10-11T00:42:12Z">
          <reporter-output>
          </reporter-output>
        </test-method> <!-- tearDownClass -->
      </class> <!-- runner.TestRunner -->
    </test> <!-- Test -->
  </suite> <!-- BDD Test Suite -->
</testng-results>
